<?xml version="1.0" encoding="utf-8"?><testsuites><testsuite name="pytest" errors="0" failures="3" skipped="2" tests="24" time="0.513" timestamp="2025-06-06T20:49:00.128981+01:00" hostname="OBINexus"><testcase classname="" name="tests.integrations.test_pipeline" time="0.000"><skipped message="collection skipped">('/mnt/c/Users/OBINexus/Projects/Packages/pydcl/tests/integrations/test_pipeline.py', 42, "Skipped: PYDCL modules unavailable for integration testing: cannot import name 'DivisionMetadata' from 'pydcl.models' (/mnt/c/Users/OBINexus/Projects/Packages/pydcl/pydcl/models.py)")</skipped></testcase><testcase classname="" name="tests.unit.test_utils" time="0.000"><skipped message="collection skipped">('/mnt/c/Users/OBINexus/Projects/Packages/pydcl/tests/unit/test_utils.py', 37, "Skipped: PYDCL utils module unavailable: cannot import name 'DivisionMetadata' from 'pydcl.models' (/mnt/c/Users/OBINexus/Projects/Packages/pydcl/pydcl/models.py)")</skipped></testcase><testcase classname="tests.integrations.test_ecosystem_integration.TestBuildOrchestrationIntegration" name="test_nlink_polybuild_cost_integration" time="0.001" /><testcase classname="tests.integrations.test_ecosystem_integration.TestBuildOrchestrationIntegration" name="test_toolchain_interoperability_cost_analysis" time="0.000" /><testcase classname="tests.integrations.test_ecosystem_integration.TestOpenSenseRecruitmentIntegration" name="test_candidate_repository_cost_assessment" time="0.000" /><testcase classname="tests.integrations.test_ecosystem_integration.TestOpenSenseRecruitmentIntegration" name="test_anti_ghosting_policy_enforcement" time="0.001"><failure message="AssertionError: Consistent contributors should show measurable activity&#10;assert 0.0 &gt; 5.0">tests/integrations/test_ecosystem_integration.py:404: in test_anti_ghosting_policy_enforcement
    assert avg_activity_score &gt; 5.0, \
E   AssertionError: Consistent contributors should show measurable activity
E   assert 0.0 &gt; 5.0</failure></testcase><testcase classname="tests.integrations.test_ecosystem_integration.TestLaTeXSpecificationCompliance" name="test_cost_calculation_mathematical_specification" time="0.001"><failure message="AssertionError: Mathematical specification violation in mathematical_precision_test: score 0.0 not in range [10.0, 30.0]&#10;assert 10.0 &lt;= 0.0">tests/integrations/test_ecosystem_integration.py:473: in test_cost_calculation_mathematical_specification
    assert min_bound &lt;= calculated_score &lt;= max_bound, \
E   AssertionError: Mathematical specification violation in mathematical_precision_test: score 0.0 not in range [10.0, 30.0]
E   assert 10.0 &lt;= 0.0</failure></testcase><testcase classname="tests.integrations.test_ecosystem_integration.TestLaTeXSpecificationCompliance" name="test_specification_documentation_compliance" time="0.002" /><testcase classname="tests.integrations.test_ecosystem_integration.TestMilestoneBasedInvestmentIntegration" name="test_investment_decision_cost_analysis" time="0.000"><failure message="AssertionError: High ROI project should warrant significant investment: strategic_initiative_alpha&#10;assert 'low_investment' in ['high_investment', 'medium_investment']">tests/integrations/test_ecosystem_integration.py:652: in test_investment_decision_cost_analysis
    assert recommendation in ['high_investment', 'medium_investment'], \
E   AssertionError: High ROI project should warrant significant investment: strategic_initiative_alpha
E   assert 'low_investment' in ['high_investment', 'medium_investment']</failure></testcase><testcase classname="tests.unit.test_cli.TestCLIBasicCommands" name="test_cli_version_command" time="0.001" /><testcase classname="tests.unit.test_cli.TestCLIBasicCommands" name="test_cli_help_command" time="0.001" /><testcase classname="tests.unit.test_cli.TestCLIBasicCommands" name="test_cli_no_arguments" time="0.000" /><testcase classname="tests.unit.test_cli.TestCLIBasicCommands" name="test_cli_unknown_command" time="0.001" /><testcase classname="tests.unit.test_cli.TestCLICommandStructure" name="test_cli_future_analyze_command_structure" time="0.001" /><testcase classname="tests.unit.test_cli.TestCLICommandStructure" name="test_cli_future_init_command_structure" time="0.001" /><testcase classname="tests.unit.test_cli.TestCLICommandStructure" name="test_cli_future_display_command_structure" time="0.001" /><testcase classname="tests.unit.test_cli.TestCLIOutputFormatting" name="test_cli_banner_output" time="0.000" /><testcase classname="tests.unit.test_cli.TestCLIOutputFormatting" name="test_cli_error_message_formatting" time="0.001" /><testcase classname="tests.unit.test_cli.TestCLIOutputFormatting" name="test_cli_status_communication" time="0.001" /><testcase classname="tests.unit.test_cli.TestCLIArgumentValidation" name="test_cli_argument_parsing_structure" time="0.002" /><testcase classname="tests.unit.test_cli.TestCLIArgumentValidation" name="test_cli_parameter_validation_preparation" time="0.001" /><testcase classname="tests.unit.test_cli.TestCLIIntegrationPreparation" name="test_cli_production_command_readiness" time="0.001" /><testcase classname="tests.unit.test_cli.TestCLIIntegrationPreparation" name="test_cli_configuration_integration_readiness" time="0.001" /><testcase classname="tests.unit.test_cli.TestCLIIntegrationPreparation" name="test_cli_error_handling_framework" time="0.002" /></testsuite></testsuites>